<?xml version="1.0" encoding="UTF-8"?>
<!-- Generated by org.testng.reporters.JUnitXMLReporter -->
<testsuite hostname="DESKTOP-M29LCV2" ignored="0" name="Default test" tests="2" failures="0" timestamp="18 May 2017 13:15:30 GMT" time="0.196" errors="0">
  <testcase name="@BeforeClass initSetup" time="0.0" classname="com.com.Setup.SetUp">
    <failure type="org.testng.TestNGException" message="
Parameter &amp;apos;brwType&amp;apos; is required by BeforeClass on method initSetup but has not been marked @Optional or defined
in C:\Users\God&amp;apos;s blessing\AppData\Local\Temp\testng-eclipse--609086011\testng-customsuite.xml">
      <![CDATA[org.testng.TestNGException: 
Parameter 'brwType' is required by BeforeClass on method initSetup but has not been marked @Optional or defined
in C:\Users\God's blessing\AppData\Local\Temp\testng-eclipse--609086011\testng-customsuite.xml
	at org.testng.internal.Parameters.createParameters(Parameters.java:199)
	at org.testng.internal.Parameters.createParameters(Parameters.java:443)
	at org.testng.internal.Parameters.createConfigurationParameters(Parameters.java:118)
	at org.testng.internal.Invoker.invokeConfigurations(Invoker.java:206)
	at org.testng.internal.Invoker.invokeConfigurations(Invoker.java:146)
	at org.testng.internal.TestMethodWorker.invokeBeforeClassMethods(TestMethodWorker.java:166)
	at org.testng.internal.TestMethodWorker.run(TestMethodWorker.java:105)
	at org.testng.TestRunner.privateRun(TestRunner.java:744)
	at org.testng.TestRunner.run(TestRunner.java:602)
	at org.testng.SuiteRunner.runTest(SuiteRunner.java:380)
	at org.testng.SuiteRunner.runSequentially(SuiteRunner.java:375)
	at org.testng.SuiteRunner.privateRun(SuiteRunner.java:340)
	at org.testng.SuiteRunner.run(SuiteRunner.java:289)
	at org.testng.SuiteRunnerWorker.runSuite(SuiteRunnerWorker.java:52)
	at org.testng.SuiteRunnerWorker.run(SuiteRunnerWorker.java:86)
	at org.testng.TestNG.runSuitesSequentially(TestNG.java:1301)
	at org.testng.TestNG.runSuitesLocally(TestNG.java:1226)
	at org.testng.TestNG.runSuites(TestNG.java:1144)
	at org.testng.TestNG.run(TestNG.java:1115)
	at org.testng.remote.AbstractRemoteTestNG.run(AbstractRemoteTestNG.java:132)
	at org.testng.remote.RemoteTestNG.initAndRun(RemoteTestNG.java:230)
	at org.testng.remote.RemoteTestNG.main(RemoteTestNG.java:76)
]]>
    </failure>
  </testcase> <!-- @BeforeClass initSetup -->
  <testcase name="@BeforeClass setUp" time="0.0" classname="com.com.tests.ItemsTest">
    <skipped/>
  </testcase> <!-- @BeforeClass setUp -->
  <testcase name="@AfterClass End" time="0.0" classname="com.com.Setup.SetUp">
    <skipped/>
  </testcase> <!-- @AfterClass End -->
  <testcase name="verPageItems" time="0.001" classname="com.com.tests.ItemsTest">
    <skipped/>
  </testcase> <!-- verPageItems -->
  <testcase name="verPrice" time="0.0" classname="com.com.tests.ItemsTest">
    <skipped/>
  </testcase> <!-- verPrice -->
</testsuite> <!-- Default test -->
